mode: atomic
github.com/BrianLeishman/go-imap/auth.go:10.76,15.2 3 1
github.com/BrianLeishman/go-imap/auth.go:18.70,22.2 2 4
github.com/BrianLeishman/go-imap/conn.go:39.57,42.19 3 11
github.com/BrianLeishman/go-imap/conn.go:42.19,44.3 1 8
github.com/BrianLeishman/go-imap/conn.go:45.2,45.76 1 11
github.com/BrianLeishman/go-imap/conn.go:49.103,59.33 7 1
github.com/BrianLeishman/go-imap/conn.go:59.33,60.14 1 1
github.com/BrianLeishman/go-imap/conn.go:60.14,62.4 1 0
github.com/BrianLeishman/go-imap/conn.go:63.3,65.17 3 1
github.com/BrianLeishman/go-imap/conn.go:65.17,66.15 1 0
github.com/BrianLeishman/go-imap/conn.go:66.15,68.5 1 0
github.com/BrianLeishman/go-imap/conn.go:69.4,69.14 1 0
github.com/BrianLeishman/go-imap/conn.go:71.3,81.13 2 1
github.com/BrianLeishman/go-imap/conn.go:82.39,83.14 1 0
github.com/BrianLeishman/go-imap/conn.go:83.14,85.33 2 0
github.com/BrianLeishman/go-imap/conn.go:85.33,87.5 1 0
github.com/BrianLeishman/go-imap/conn.go:89.3,89.13 1 0
github.com/BrianLeishman/go-imap/conn.go:90.18,91.14 1 0
github.com/BrianLeishman/go-imap/conn.go:91.14,93.4 1 0
github.com/BrianLeishman/go-imap/conn.go:94.3,94.13 1 0
github.com/BrianLeishman/go-imap/conn.go:96.2,96.16 1 1
github.com/BrianLeishman/go-imap/conn.go:96.16,98.32 2 0
github.com/BrianLeishman/go-imap/conn.go:98.32,100.4 1 0
github.com/BrianLeishman/go-imap/conn.go:101.3,101.18 1 0
github.com/BrianLeishman/go-imap/conn.go:105.2,106.16 2 1
github.com/BrianLeishman/go-imap/conn.go:106.16,110.3 3 1
github.com/BrianLeishman/go-imap/conn.go:112.2,112.15 1 0
github.com/BrianLeishman/go-imap/conn.go:116.90,126.33 7 5
github.com/BrianLeishman/go-imap/conn.go:126.33,127.14 1 9
github.com/BrianLeishman/go-imap/conn.go:127.14,129.4 1 0
github.com/BrianLeishman/go-imap/conn.go:130.3,132.17 3 9
github.com/BrianLeishman/go-imap/conn.go:132.17,133.15 1 6
github.com/BrianLeishman/go-imap/conn.go:133.15,135.5 1 0
github.com/BrianLeishman/go-imap/conn.go:136.4,136.14 1 6
github.com/BrianLeishman/go-imap/conn.go:138.3,148.13 2 3
github.com/BrianLeishman/go-imap/conn.go:149.39,150.14 1 6
github.com/BrianLeishman/go-imap/conn.go:150.14,152.33 2 0
github.com/BrianLeishman/go-imap/conn.go:152.33,154.5 1 0
github.com/BrianLeishman/go-imap/conn.go:156.3,156.13 1 6
github.com/BrianLeishman/go-imap/conn.go:157.18,158.14 1 4
github.com/BrianLeishman/go-imap/conn.go:158.14,160.4 1 0
github.com/BrianLeishman/go-imap/conn.go:161.3,161.13 1 4
github.com/BrianLeishman/go-imap/conn.go:163.2,163.16 1 5
github.com/BrianLeishman/go-imap/conn.go:163.16,165.32 2 2
github.com/BrianLeishman/go-imap/conn.go:165.32,167.4 1 0
github.com/BrianLeishman/go-imap/conn.go:168.3,168.18 1 2
github.com/BrianLeishman/go-imap/conn.go:172.2,173.16 2 3
github.com/BrianLeishman/go-imap/conn.go:173.16,177.3 3 1
github.com/BrianLeishman/go-imap/conn.go:179.2,179.15 1 2
github.com/BrianLeishman/go-imap/conn.go:183.50,184.18 1 0
github.com/BrianLeishman/go-imap/conn.go:184.18,186.3 1 0
github.com/BrianLeishman/go-imap/conn.go:186.8,188.3 1 0
github.com/BrianLeishman/go-imap/conn.go:190.2,190.20 1 0
github.com/BrianLeishman/go-imap/conn.go:190.20,191.17 1 0
github.com/BrianLeishman/go-imap/conn.go:191.17,193.4 1 0
github.com/BrianLeishman/go-imap/conn.go:193.9,195.4 1 0
github.com/BrianLeishman/go-imap/conn.go:196.3,196.17 1 0
github.com/BrianLeishman/go-imap/conn.go:196.17,198.4 1 0
github.com/BrianLeishman/go-imap/conn.go:200.2,200.16 1 0
github.com/BrianLeishman/go-imap/conn.go:204.38,205.17 1 8
github.com/BrianLeishman/go-imap/conn.go:205.17,206.14 1 5
github.com/BrianLeishman/go-imap/conn.go:206.14,208.4 1 0
github.com/BrianLeishman/go-imap/conn.go:209.3,210.17 2 5
github.com/BrianLeishman/go-imap/conn.go:210.17,212.4 1 0
github.com/BrianLeishman/go-imap/conn.go:213.3,213.22 1 5
github.com/BrianLeishman/go-imap/conn.go:215.2,215.12 1 8
github.com/BrianLeishman/go-imap/conn.go:219.42,221.13 2 1
github.com/BrianLeishman/go-imap/conn.go:221.13,223.3 1 0
github.com/BrianLeishman/go-imap/conn.go:225.2,226.16 2 1
github.com/BrianLeishman/go-imap/conn.go:226.16,228.3 1 0
github.com/BrianLeishman/go-imap/conn.go:229.2,233.18 3 1
github.com/BrianLeishman/go-imap/conn.go:233.18,234.64 1 0
github.com/BrianLeishman/go-imap/conn.go:234.64,239.4 3 0
github.com/BrianLeishman/go-imap/conn.go:240.8,241.57 1 1
github.com/BrianLeishman/go-imap/conn.go:241.57,245.4 3 1
github.com/BrianLeishman/go-imap/conn.go:249.2,249.20 1 0
github.com/BrianLeishman/go-imap/conn.go:249.20,250.17 1 0
github.com/BrianLeishman/go-imap/conn.go:250.17,251.52 1 0
github.com/BrianLeishman/go-imap/conn.go:251.52,253.5 1 0
github.com/BrianLeishman/go-imap/conn.go:254.9,255.51 1 0
github.com/BrianLeishman/go-imap/conn.go:255.51,257.5 1 0
github.com/BrianLeishman/go-imap/conn.go:261.2,261.12 1 0
github.com/BrianLeishman/go-imap/exec.go:17.141,19.39 2 5
github.com/BrianLeishman/go-imap/exec.go:19.39,22.26 2 5
github.com/BrianLeishman/go-imap/exec.go:22.26,24.17 2 0
github.com/BrianLeishman/go-imap/exec.go:24.17,24.56 1 0
github.com/BrianLeishman/go-imap/exec.go:27.3,29.14 2 5
github.com/BrianLeishman/go-imap/exec.go:29.14,32.4 2 0
github.com/BrianLeishman/go-imap/exec.go:34.3,35.17 2 5
github.com/BrianLeishman/go-imap/exec.go:35.17,37.4 1 0
github.com/BrianLeishman/go-imap/exec.go:39.3,41.20 2 5
github.com/BrianLeishman/go-imap/exec.go:41.20,43.4 1 0
github.com/BrianLeishman/go-imap/exec.go:44.3,45.18 2 5
github.com/BrianLeishman/go-imap/exec.go:45.18,47.8 2 10
github.com/BrianLeishman/go-imap/exec.go:47.8,48.47 1 10
github.com/BrianLeishman/go-imap/exec.go:48.47,55.20 5 0
github.com/BrianLeishman/go-imap/exec.go:55.20,57.7 1 0
github.com/BrianLeishman/go-imap/exec.go:59.6,61.20 3 0
github.com/BrianLeishman/go-imap/exec.go:61.20,63.7 1 0
github.com/BrianLeishman/go-imap/exec.go:64.6,67.20 3 0
github.com/BrianLeishman/go-imap/exec.go:67.20,69.7 1 0
github.com/BrianLeishman/go-imap/exec.go:70.6,72.14 2 0
github.com/BrianLeishman/go-imap/exec.go:74.5,74.10 1 10
github.com/BrianLeishman/go-imap/exec.go:77.4,77.33 1 10
github.com/BrianLeishman/go-imap/exec.go:77.33,79.5 1 0
github.com/BrianLeishman/go-imap/exec.go:88.4,90.68 3 10
github.com/BrianLeishman/go-imap/exec.go:90.68,91.64 1 5
github.com/BrianLeishman/go-imap/exec.go:91.64,94.6 2 3
github.com/BrianLeishman/go-imap/exec.go:95.5,95.10 1 2
github.com/BrianLeishman/go-imap/exec.go:98.4,98.26 1 5
github.com/BrianLeishman/go-imap/exec.go:98.26,99.44 1 0
github.com/BrianLeishman/go-imap/exec.go:99.44,101.6 1 0
github.com/BrianLeishman/go-imap/exec.go:103.4,103.21 1 5
github.com/BrianLeishman/go-imap/exec.go:103.21,105.5 1 0
github.com/BrianLeishman/go-imap/exec.go:107.3,107.13 1 2
github.com/BrianLeishman/go-imap/exec.go:108.39,109.14 1 3
github.com/BrianLeishman/go-imap/exec.go:109.14,111.4 1 0
github.com/BrianLeishman/go-imap/exec.go:112.3,113.13 2 3
github.com/BrianLeishman/go-imap/exec.go:114.18,116.3 1 0
github.com/BrianLeishman/go-imap/exec.go:117.2,117.16 1 5
github.com/BrianLeishman/go-imap/exec.go:117.16,120.3 2 3
github.com/BrianLeishman/go-imap/exec.go:122.2,122.19 1 2
github.com/BrianLeishman/go-imap/exec.go:122.19,123.22 1 0
github.com/BrianLeishman/go-imap/exec.go:123.22,126.4 2 0
github.com/BrianLeishman/go-imap/exec.go:127.3,127.17 1 0
github.com/BrianLeishman/go-imap/exec.go:129.2,129.22 1 2
github.com/BrianLeishman/go-imap/folder.go:19.61,21.82 2 0
github.com/BrianLeishman/go-imap/folder.go:21.82,23.48 2 0
github.com/BrianLeishman/go-imap/folder.go:23.48,25.4 1 0
github.com/BrianLeishman/go-imap/folder.go:25.9,26.22 1 0
github.com/BrianLeishman/go-imap/folder.go:26.22,28.5 1 0
github.com/BrianLeishman/go-imap/folder.go:29.4,32.14 4 0
github.com/BrianLeishman/go-imap/folder.go:32.14,35.5 2 0
github.com/BrianLeishman/go-imap/folder.go:36.4,37.14 2 0
github.com/BrianLeishman/go-imap/folder.go:37.14,38.25 1 0
github.com/BrianLeishman/go-imap/folder.go:38.25,39.38 1 0
github.com/BrianLeishman/go-imap/folder.go:39.38,40.12 1 0
github.com/BrianLeishman/go-imap/folder.go:43.5,43.8 1 0
github.com/BrianLeishman/go-imap/folder.go:45.4,45.77 1 0
github.com/BrianLeishman/go-imap/folder.go:47.3,47.13 1 0
github.com/BrianLeishman/go-imap/folder.go:49.2,49.16 1 0
github.com/BrianLeishman/go-imap/folder.go:49.16,51.3 1 0
github.com/BrianLeishman/go-imap/folder.go:53.2,53.21 1 0
github.com/BrianLeishman/go-imap/folder.go:57.59,59.16 2 0
github.com/BrianLeishman/go-imap/folder.go:59.16,61.3 1 0
github.com/BrianLeishman/go-imap/folder.go:62.2,64.12 3 0
github.com/BrianLeishman/go-imap/folder.go:68.58,70.16 2 0
github.com/BrianLeishman/go-imap/folder.go:70.16,72.3 1 0
github.com/BrianLeishman/go-imap/folder.go:73.2,75.12 3 0
github.com/BrianLeishman/go-imap/folder.go:79.64,81.16 2 0
github.com/BrianLeishman/go-imap/folder.go:81.16,83.3 1 0
github.com/BrianLeishman/go-imap/folder.go:86.2,88.22 3 0
github.com/BrianLeishman/go-imap/folder.go:88.22,89.67 1 0
github.com/BrianLeishman/go-imap/folder.go:89.67,91.4 1 0
github.com/BrianLeishman/go-imap/folder.go:94.2,94.15 1 0
github.com/BrianLeishman/go-imap/folder.go:98.62,100.2 1 0
github.com/BrianLeishman/go-imap/folder.go:103.95,105.2 1 0
github.com/BrianLeishman/go-imap/folder.go:108.92,110.2 1 0
github.com/BrianLeishman/go-imap/folder.go:113.88,115.2 1 0
github.com/BrianLeishman/go-imap/folder.go:118.121,120.2 1 0
github.com/BrianLeishman/go-imap/folder.go:123.118,125.2 1 0
github.com/BrianLeishman/go-imap/folder.go:128.58,130.2 1 0
github.com/BrianLeishman/go-imap/folder.go:133.91,135.2 1 0
github.com/BrianLeishman/go-imap/folder.go:138.88,140.2 1 0
github.com/BrianLeishman/go-imap/folder.go:143.127,145.16 2 0
github.com/BrianLeishman/go-imap/folder.go:145.16,147.3 1 0
github.com/BrianLeishman/go-imap/folder.go:149.2,151.41 3 0
github.com/BrianLeishman/go-imap/folder.go:151.41,153.3 1 0
github.com/BrianLeishman/go-imap/folder.go:155.2,158.33 3 0
github.com/BrianLeishman/go-imap/folder.go:158.33,159.18 1 0
github.com/BrianLeishman/go-imap/folder.go:159.18,160.29 1 0
github.com/BrianLeishman/go-imap/folder.go:160.29,162.5 1 0
github.com/BrianLeishman/go-imap/folder.go:162.10,163.13 1 0
github.com/BrianLeishman/go-imap/folder.go:167.3,167.25 1 0
github.com/BrianLeishman/go-imap/folder.go:167.25,168.12 1 0
github.com/BrianLeishman/go-imap/folder.go:171.3,172.17 2 0
github.com/BrianLeishman/go-imap/folder.go:172.17,174.4 1 0
github.com/BrianLeishman/go-imap/folder.go:178.2,178.25 1 0
github.com/BrianLeishman/go-imap/folder.go:178.25,179.22 1 0
github.com/BrianLeishman/go-imap/folder.go:179.22,181.4 1 0
github.com/BrianLeishman/go-imap/folder.go:181.9,183.4 1 0
github.com/BrianLeishman/go-imap/folder.go:186.2,186.19 1 0
github.com/BrianLeishman/go-imap/folder.go:190.153,192.16 2 0
github.com/BrianLeishman/go-imap/folder.go:192.16,194.3 1 0
github.com/BrianLeishman/go-imap/folder.go:196.2,198.41 3 0
github.com/BrianLeishman/go-imap/folder.go:198.41,200.3 1 0
github.com/BrianLeishman/go-imap/folder.go:202.2,205.33 3 0
github.com/BrianLeishman/go-imap/folder.go:205.33,206.18 1 0
github.com/BrianLeishman/go-imap/folder.go:206.18,207.29 1 0
github.com/BrianLeishman/go-imap/folder.go:207.29,209.5 1 0
github.com/BrianLeishman/go-imap/folder.go:209.10,210.13 1 0
github.com/BrianLeishman/go-imap/folder.go:214.3,214.25 1 0
github.com/BrianLeishman/go-imap/folder.go:214.25,215.12 1 0
github.com/BrianLeishman/go-imap/folder.go:218.3,219.23 2 0
github.com/BrianLeishman/go-imap/folder.go:219.23,221.12 2 0
github.com/BrianLeishman/go-imap/folder.go:223.3,223.23 1 0
github.com/BrianLeishman/go-imap/folder.go:227.2,227.25 1 0
github.com/BrianLeishman/go-imap/folder.go:227.25,228.22 1 0
github.com/BrianLeishman/go-imap/folder.go:228.22,230.4 1 0
github.com/BrianLeishman/go-imap/folder.go:230.9,232.4 1 0
github.com/BrianLeishman/go-imap/folder.go:235.2,235.33 1 0
github.com/BrianLeishman/go-imap/folder.go:239.123,241.16 2 0
github.com/BrianLeishman/go-imap/folder.go:241.16,243.3 1 0
github.com/BrianLeishman/go-imap/folder.go:245.2,247.41 3 0
github.com/BrianLeishman/go-imap/folder.go:247.41,249.3 1 0
github.com/BrianLeishman/go-imap/folder.go:251.2,256.33 4 0
github.com/BrianLeishman/go-imap/folder.go:256.33,257.18 1 0
github.com/BrianLeishman/go-imap/folder.go:257.18,258.29 1 0
github.com/BrianLeishman/go-imap/folder.go:258.29,260.5 1 0
github.com/BrianLeishman/go-imap/folder.go:260.10,261.13 1 0
github.com/BrianLeishman/go-imap/folder.go:265.3,265.25 1 0
github.com/BrianLeishman/go-imap/folder.go:265.25,266.12 1 0
github.com/BrianLeishman/go-imap/folder.go:269.3,273.17 3 0
github.com/BrianLeishman/go-imap/folder.go:273.17,276.12 3 0
github.com/BrianLeishman/go-imap/folder.go:278.3,281.21 2 0
github.com/BrianLeishman/go-imap/folder.go:281.21,283.18 2 0
github.com/BrianLeishman/go-imap/folder.go:283.18,285.36 2 0
github.com/BrianLeishman/go-imap/folder.go:285.36,287.6 1 0
github.com/BrianLeishman/go-imap/folder.go:291.3,291.30 1 0
github.com/BrianLeishman/go-imap/folder.go:295.2,295.25 1 0
github.com/BrianLeishman/go-imap/folder.go:295.25,296.22 1 0
github.com/BrianLeishman/go-imap/folder.go:296.22,298.4 1 0
github.com/BrianLeishman/go-imap/folder.go:298.9,300.4 1 0
github.com/BrianLeishman/go-imap/folder.go:303.2,303.19 1 0
github.com/BrianLeishman/go-imap/idle.go:55.72,58.77 3 0
github.com/BrianLeishman/go-imap/idle.go:58.77,60.3 1 0
github.com/BrianLeishman/go-imap/idle.go:61.2,61.15 1 0
github.com/BrianLeishman/go-imap/idle.go:62.23,63.30 1 0
github.com/BrianLeishman/go-imap/idle.go:63.30,65.4 1 0
github.com/BrianLeishman/go-imap/idle.go:66.24,67.31 1 0
github.com/BrianLeishman/go-imap/idle.go:67.31,69.4 1 0
github.com/BrianLeishman/go-imap/idle.go:70.22,71.29 1 0
github.com/BrianLeishman/go-imap/idle.go:71.29,73.4 1 0
github.com/BrianLeishman/go-imap/idle.go:74.3,77.24 4 0
github.com/BrianLeishman/go-imap/idle.go:77.24,80.91 3 0
github.com/BrianLeishman/go-imap/idle.go:80.91,82.5 1 0
github.com/BrianLeishman/go-imap/idle.go:83.4,83.94 1 0
github.com/BrianLeishman/go-imap/idle.go:84.9,86.4 1 0
github.com/BrianLeishman/go-imap/idle.go:89.2,89.12 1 0
github.com/BrianLeishman/go-imap/idle.go:93.56,94.12 1 0
github.com/BrianLeishman/go-imap/idle.go:94.12,98.7 3 0
github.com/BrianLeishman/go-imap/idle.go:98.7,99.20 1 0
github.com/BrianLeishman/go-imap/idle.go:99.20,100.41 1 0
github.com/BrianLeishman/go-imap/idle.go:100.41,101.17 1 0
github.com/BrianLeishman/go-imap/idle.go:101.17,103.7 1 0
github.com/BrianLeishman/go-imap/idle.go:104.6,104.12 1 0
github.com/BrianLeishman/go-imap/idle.go:107.4,107.53 1 0
github.com/BrianLeishman/go-imap/idle.go:107.53,108.16 1 0
github.com/BrianLeishman/go-imap/idle.go:108.16,110.6 1 0
github.com/BrianLeishman/go-imap/idle.go:111.5,111.11 1 0
github.com/BrianLeishman/go-imap/idle.go:114.4,114.11 1 0
github.com/BrianLeishman/go-imap/idle.go:115.20,116.21 1 0
github.com/BrianLeishman/go-imap/idle.go:117.22,118.11 1 0
github.com/BrianLeishman/go-imap/idle.go:123.2,123.12 1 0
github.com/BrianLeishman/go-imap/idle.go:127.62,128.63 1 0
github.com/BrianLeishman/go-imap/idle.go:128.63,130.3 1 0
github.com/BrianLeishman/go-imap/idle.go:132.2,138.12 5 0
github.com/BrianLeishman/go-imap/idle.go:138.12,139.16 1 0
github.com/BrianLeishman/go-imap/idle.go:139.16,141.32 2 0
github.com/BrianLeishman/go-imap/idle.go:141.32,143.5 1 0
github.com/BrianLeishman/go-imap/idle.go:146.3,146.61 1 0
github.com/BrianLeishman/go-imap/idle.go:146.61,148.11 2 0
github.com/BrianLeishman/go-imap/idle.go:149.44,152.15 3 0
github.com/BrianLeishman/go-imap/idle.go:153.45,155.41 2 0
github.com/BrianLeishman/go-imap/idle.go:155.41,157.6 1 0
github.com/BrianLeishman/go-imap/idle.go:158.5,158.42 1 0
github.com/BrianLeishman/go-imap/idle.go:158.42,162.6 3 0
github.com/BrianLeishman/go-imap/idle.go:163.5,163.52 1 0
github.com/BrianLeishman/go-imap/idle.go:164.46,166.43 2 0
github.com/BrianLeishman/go-imap/idle.go:166.43,168.6 1 0
github.com/BrianLeishman/go-imap/idle.go:169.5,169.15 1 0
github.com/BrianLeishman/go-imap/idle.go:171.4,171.14 1 0
github.com/BrianLeishman/go-imap/idle.go:173.3,173.17 1 0
github.com/BrianLeishman/go-imap/idle.go:173.17,174.15 1 0
github.com/BrianLeishman/go-imap/idle.go:174.15,176.5 1 0
github.com/BrianLeishman/go-imap/idle.go:177.4,177.33 1 0
github.com/BrianLeishman/go-imap/idle.go:181.2,181.9 1 0
github.com/BrianLeishman/go-imap/idle.go:182.19,183.13 1 0
github.com/BrianLeishman/go-imap/idle.go:184.37,186.59 2 0
github.com/BrianLeishman/go-imap/idle.go:191.35,192.30 1 0
github.com/BrianLeishman/go-imap/idle.go:192.30,194.3 1 0
github.com/BrianLeishman/go-imap/idle.go:196.2,196.13 1 0
github.com/BrianLeishman/go-imap/idle.go:196.13,198.3 1 0
github.com/BrianLeishman/go-imap/idle.go:199.2,199.60 1 0
github.com/BrianLeishman/go-imap/idle.go:199.60,201.3 1 0
github.com/BrianLeishman/go-imap/idle.go:203.2,208.36 5 0
github.com/BrianLeishman/go-imap/idle.go:208.36,210.3 1 0
github.com/BrianLeishman/go-imap/idle.go:212.2,212.12 1 0
github.com/BrianLeishman/go-imap/idle.go:216.34,220.2 3 0
github.com/BrianLeishman/go-imap/idle.go:223.30,227.2 3 0
github.com/BrianLeishman/go-imap/logger.go:22.13,24.2 1 1
github.com/BrianLeishman/go-imap/logger.go:27.29,30.2 2 1
github.com/BrianLeishman/go-imap/logger.go:34.31,35.19 1 0
github.com/BrianLeishman/go-imap/logger.go:35.19,38.3 2 0
github.com/BrianLeishman/go-imap/logger.go:39.2,39.65 1 0
github.com/BrianLeishman/go-imap/logger.go:43.41,45.2 1 0
github.com/BrianLeishman/go-imap/logger.go:48.45,49.19 1 1
github.com/BrianLeishman/go-imap/logger.go:49.19,51.3 1 0
github.com/BrianLeishman/go-imap/logger.go:52.2,52.36 1 1
github.com/BrianLeishman/go-imap/logger.go:59.53,59.85 1 0
github.com/BrianLeishman/go-imap/logger.go:61.52,61.83 1 0
github.com/BrianLeishman/go-imap/logger.go:63.52,63.83 1 2
github.com/BrianLeishman/go-imap/logger.go:65.53,65.85 1 5
github.com/BrianLeishman/go-imap/logger.go:67.52,69.2 1 8
github.com/BrianLeishman/go-imap/logger.go:72.25,73.40 1 7
github.com/BrianLeishman/go-imap/logger.go:73.40,74.30 1 7
github.com/BrianLeishman/go-imap/logger.go:74.30,76.4 1 7
github.com/BrianLeishman/go-imap/logger.go:79.2,81.10 3 0
github.com/BrianLeishman/go-imap/logger.go:85.58,89.33 2 7
github.com/BrianLeishman/go-imap/logger.go:89.33,91.3 1 0
github.com/BrianLeishman/go-imap/logger.go:93.2,94.18 2 7
github.com/BrianLeishman/go-imap/logger.go:94.18,96.3 1 0
github.com/BrianLeishman/go-imap/logger.go:97.2,97.34 1 7
github.com/BrianLeishman/go-imap/logger.go:101.68,102.14 1 0
github.com/BrianLeishman/go-imap/logger.go:102.14,104.3 1 0
github.com/BrianLeishman/go-imap/logger.go:105.2,105.55 1 0
github.com/BrianLeishman/go-imap/logger.go:108.67,110.2 1 2
github.com/BrianLeishman/go-imap/logger.go:112.68,114.2 1 5
github.com/BrianLeishman/go-imap/message.go:70.41,73.22 3 0
github.com/BrianLeishman/go-imap/message.go:73.22,74.13 1 0
github.com/BrianLeishman/go-imap/message.go:74.13,76.4 1 0
github.com/BrianLeishman/go-imap/message.go:77.3,77.18 1 0
github.com/BrianLeishman/go-imap/message.go:77.18,78.36 1 0
github.com/BrianLeishman/go-imap/message.go:78.36,80.5 1 0
github.com/BrianLeishman/go-imap/message.go:80.10,82.5 1 0
github.com/BrianLeishman/go-imap/message.go:83.9,85.4 1 0
github.com/BrianLeishman/go-imap/message.go:86.3,86.6 1 0
github.com/BrianLeishman/go-imap/message.go:88.2,88.24 1 0
github.com/BrianLeishman/go-imap/message.go:92.32,97.20 3 0
github.com/BrianLeishman/go-imap/message.go:97.20,99.3 1 0
github.com/BrianLeishman/go-imap/message.go:100.2,100.22 1 0
github.com/BrianLeishman/go-imap/message.go:100.22,102.3 1 0
github.com/BrianLeishman/go-imap/message.go:103.2,103.20 1 0
github.com/BrianLeishman/go-imap/message.go:103.20,105.3 1 0
github.com/BrianLeishman/go-imap/message.go:106.2,106.21 1 0
github.com/BrianLeishman/go-imap/message.go:106.21,108.3 1 0
github.com/BrianLeishman/go-imap/message.go:109.2,109.25 1 0
github.com/BrianLeishman/go-imap/message.go:109.25,111.3 1 0
github.com/BrianLeishman/go-imap/message.go:112.2,112.22 1 0
github.com/BrianLeishman/go-imap/message.go:112.22,113.23 1 0
github.com/BrianLeishman/go-imap/message.go:113.23,115.4 1 0
github.com/BrianLeishman/go-imap/message.go:115.9,117.4 1 0
github.com/BrianLeishman/go-imap/message.go:118.3,118.69 1 0
github.com/BrianLeishman/go-imap/message.go:120.2,120.22 1 0
github.com/BrianLeishman/go-imap/message.go:120.22,121.23 1 0
github.com/BrianLeishman/go-imap/message.go:121.23,123.4 1 0
github.com/BrianLeishman/go-imap/message.go:123.9,125.4 1 0
github.com/BrianLeishman/go-imap/message.go:126.3,126.70 1 0
github.com/BrianLeishman/go-imap/message.go:129.2,129.29 1 0
github.com/BrianLeishman/go-imap/message.go:129.29,131.3 1 0
github.com/BrianLeishman/go-imap/message.go:133.2,133.23 1 0
github.com/BrianLeishman/go-imap/message.go:137.37,139.2 1 0
github.com/BrianLeishman/go-imap/message.go:153.65,155.16 2 0
github.com/BrianLeishman/go-imap/message.go:155.16,157.3 1 0
github.com/BrianLeishman/go-imap/message.go:158.2,158.34 1 0
github.com/BrianLeishman/go-imap/message.go:172.53,173.12 1 3
github.com/BrianLeishman/go-imap/message.go:173.12,175.3 1 3
github.com/BrianLeishman/go-imap/message.go:176.2,177.16 2 0
github.com/BrianLeishman/go-imap/message.go:177.16,179.3 1 0
github.com/BrianLeishman/go-imap/message.go:180.2,180.23 1 0
github.com/BrianLeishman/go-imap/message.go:180.23,182.3 1 0
github.com/BrianLeishman/go-imap/message.go:183.2,183.38 1 0
github.com/BrianLeishman/go-imap/message.go:187.64,190.19 2 0
github.com/BrianLeishman/go-imap/message.go:190.19,192.3 1 0
github.com/BrianLeishman/go-imap/message.go:193.2,194.19 2 0
github.com/BrianLeishman/go-imap/message.go:194.19,196.3 1 0
github.com/BrianLeishman/go-imap/message.go:197.2,197.16 1 0
github.com/BrianLeishman/go-imap/message.go:197.16,199.3 1 0
github.com/BrianLeishman/go-imap/message.go:200.2,201.12 2 0
github.com/BrianLeishman/go-imap/message.go:205.48,211.19 3 0
github.com/BrianLeishman/go-imap/message.go:211.19,213.3 1 0
github.com/BrianLeishman/go-imap/message.go:214.2,215.19 2 0
github.com/BrianLeishman/go-imap/message.go:215.19,217.3 1 0
github.com/BrianLeishman/go-imap/message.go:219.2,219.12 1 0
github.com/BrianLeishman/go-imap/message.go:223.51,229.19 3 0
github.com/BrianLeishman/go-imap/message.go:229.19,230.49 1 0
github.com/BrianLeishman/go-imap/message.go:230.49,232.4 1 0
github.com/BrianLeishman/go-imap/message.go:234.2,235.19 2 0
github.com/BrianLeishman/go-imap/message.go:235.19,236.61 1 0
github.com/BrianLeishman/go-imap/message.go:236.61,238.4 1 0
github.com/BrianLeishman/go-imap/message.go:241.2,241.12 1 0
github.com/BrianLeishman/go-imap/message.go:245.40,247.19 2 0
github.com/BrianLeishman/go-imap/message.go:247.19,248.49 1 0
github.com/BrianLeishman/go-imap/message.go:248.49,250.4 1 0
github.com/BrianLeishman/go-imap/message.go:252.2,253.19 2 0
github.com/BrianLeishman/go-imap/message.go:253.19,254.61 1 0
github.com/BrianLeishman/go-imap/message.go:254.61,256.4 1 0
github.com/BrianLeishman/go-imap/message.go:258.2,258.12 1 0
github.com/BrianLeishman/go-imap/message.go:262.61,270.36 5 0
github.com/BrianLeishman/go-imap/message.go:270.36,274.46 3 0
github.com/BrianLeishman/go-imap/message.go:274.46,275.32 1 0
github.com/BrianLeishman/go-imap/message.go:276.17,277.48 1 0
github.com/BrianLeishman/go-imap/message.go:278.20,279.54 1 0
github.com/BrianLeishman/go-imap/message.go:285.2,285.45 1 0
github.com/BrianLeishman/go-imap/message.go:285.45,286.12 1 0
github.com/BrianLeishman/go-imap/message.go:286.12,288.4 1 0
github.com/BrianLeishman/go-imap/message.go:288.9,290.4 1 0
github.com/BrianLeishman/go-imap/message.go:293.2,294.23 2 0
github.com/BrianLeishman/go-imap/message.go:294.23,296.3 1 0
github.com/BrianLeishman/go-imap/message.go:297.2,297.26 1 0
github.com/BrianLeishman/go-imap/message.go:297.26,299.3 1 0
github.com/BrianLeishman/go-imap/message.go:302.2,303.19 2 0
github.com/BrianLeishman/go-imap/message.go:303.19,305.3 1 0
github.com/BrianLeishman/go-imap/message.go:306.2,307.19 2 0
github.com/BrianLeishman/go-imap/message.go:307.19,309.3 1 0
github.com/BrianLeishman/go-imap/message.go:311.2,311.12 1 0
github.com/BrianLeishman/go-imap/message.go:315.76,317.16 2 0
github.com/BrianLeishman/go-imap/message.go:317.16,319.3 1 0
github.com/BrianLeishman/go-imap/message.go:321.2,321.22 1 0
github.com/BrianLeishman/go-imap/message.go:321.22,323.3 1 0
github.com/BrianLeishman/go-imap/message.go:325.2,326.20 2 0
github.com/BrianLeishman/go-imap/message.go:326.20,328.3 1 0
github.com/BrianLeishman/go-imap/message.go:328.8,330.25 2 0
github.com/BrianLeishman/go-imap/message.go:330.25,331.14 1 0
github.com/BrianLeishman/go-imap/message.go:331.14,332.13 1 0
github.com/BrianLeishman/go-imap/message.go:335.4,335.14 1 0
github.com/BrianLeishman/go-imap/message.go:335.14,337.5 1 0
github.com/BrianLeishman/go-imap/message.go:338.4,339.7 2 0
github.com/BrianLeishman/go-imap/message.go:343.2,344.39 2 0
github.com/BrianLeishman/go-imap/message.go:344.39,346.17 2 0
github.com/BrianLeishman/go-imap/message.go:346.17,348.4 1 0
github.com/BrianLeishman/go-imap/message.go:350.3,351.17 2 0
github.com/BrianLeishman/go-imap/message.go:351.17,353.4 1 0
github.com/BrianLeishman/go-imap/message.go:355.3,355.31 1 0
github.com/BrianLeishman/go-imap/message.go:355.31,358.51 1 0
github.com/BrianLeishman/go-imap/message.go:358.51,360.5 1 0
github.com/BrianLeishman/go-imap/message.go:361.4,364.26 4 0
github.com/BrianLeishman/go-imap/message.go:364.26,365.17 1 0
github.com/BrianLeishman/go-imap/message.go:365.17,367.14 2 0
github.com/BrianLeishman/go-imap/message.go:369.5,369.76 1 0
github.com/BrianLeishman/go-imap/message.go:369.76,371.6 1 0
github.com/BrianLeishman/go-imap/message.go:372.5,372.18 1 0
github.com/BrianLeishman/go-imap/message.go:373.19,374.86 1 0
github.com/BrianLeishman/go-imap/message.go:374.86,376.7 1 0
github.com/BrianLeishman/go-imap/message.go:377.6,381.20 4 0
github.com/BrianLeishman/go-imap/message.go:381.20,382.18 1 0
github.com/BrianLeishman/go-imap/message.go:382.18,386.8 3 0
github.com/BrianLeishman/go-imap/message.go:387.7,387.22 1 0
github.com/BrianLeishman/go-imap/message.go:388.12,393.36 4 0
github.com/BrianLeishman/go-imap/message.go:393.36,394.42 1 0
github.com/BrianLeishman/go-imap/message.go:394.42,400.9 1 0
github.com/BrianLeishman/go-imap/message.go:403.7,403.32 1 0
github.com/BrianLeishman/go-imap/message.go:403.32,404.38 1 0
github.com/BrianLeishman/go-imap/message.go:404.38,410.9 1 0
github.com/BrianLeishman/go-imap/message.go:413.7,422.9 1 0
github.com/BrianLeishman/go-imap/message.go:422.9,425.35 3 0
github.com/BrianLeishman/go-imap/message.go:425.35,427.9 1 0
github.com/BrianLeishman/go-imap/message.go:430.6,430.12 1 0
github.com/BrianLeishman/go-imap/message.go:431.16,432.85 1 0
github.com/BrianLeishman/go-imap/message.go:432.85,434.7 1 0
github.com/BrianLeishman/go-imap/message.go:435.6,436.12 2 0
github.com/BrianLeishman/go-imap/message.go:440.4,440.15 1 0
github.com/BrianLeishman/go-imap/message.go:440.15,441.29 1 0
github.com/BrianLeishman/go-imap/message.go:441.29,443.6 1 0
github.com/BrianLeishman/go-imap/message.go:444.5,452.46 9 0
github.com/BrianLeishman/go-imap/message.go:453.10,455.5 1 0
github.com/BrianLeishman/go-imap/message.go:457.3,457.13 1 0
github.com/BrianLeishman/go-imap/message.go:458.39,462.3 3 0
github.com/BrianLeishman/go-imap/message.go:462.18,464.3 1 0
github.com/BrianLeishman/go-imap/message.go:466.2,466.20 1 0
github.com/BrianLeishman/go-imap/message.go:470.79,472.20 2 0
github.com/BrianLeishman/go-imap/message.go:472.20,474.3 1 0
github.com/BrianLeishman/go-imap/message.go:474.8,475.26 1 0
github.com/BrianLeishman/go-imap/message.go:475.26,476.14 1 0
github.com/BrianLeishman/go-imap/message.go:476.14,477.13 1 0
github.com/BrianLeishman/go-imap/message.go:480.4,480.14 1 0
github.com/BrianLeishman/go-imap/message.go:480.14,482.5 1 0
github.com/BrianLeishman/go-imap/message.go:483.4,483.40 1 0
github.com/BrianLeishman/go-imap/message.go:487.2,488.39 2 0
github.com/BrianLeishman/go-imap/message.go:488.39,490.17 2 0
github.com/BrianLeishman/go-imap/message.go:490.17,492.4 1 0
github.com/BrianLeishman/go-imap/message.go:494.3,494.18 1 0
github.com/BrianLeishman/go-imap/message.go:494.18,496.4 1 0
github.com/BrianLeishman/go-imap/message.go:498.3,499.17 2 0
github.com/BrianLeishman/go-imap/message.go:499.17,501.4 1 0
github.com/BrianLeishman/go-imap/message.go:502.3,502.13 1 0
github.com/BrianLeishman/go-imap/message.go:503.39,507.3 3 0
github.com/BrianLeishman/go-imap/message.go:507.18,509.3 1 0
github.com/BrianLeishman/go-imap/message.go:510.2,510.16 1 0
github.com/BrianLeishman/go-imap/message.go:510.16,512.3 1 0
github.com/BrianLeishman/go-imap/message.go:514.2,516.30 2 0
github.com/BrianLeishman/go-imap/message.go:516.30,517.50 1 0
github.com/BrianLeishman/go-imap/message.go:517.50,519.4 1 0
github.com/BrianLeishman/go-imap/message.go:520.3,522.25 3 0
github.com/BrianLeishman/go-imap/message.go:522.25,523.16 1 0
github.com/BrianLeishman/go-imap/message.go:523.16,525.13 2 0
github.com/BrianLeishman/go-imap/message.go:527.4,527.75 1 0
github.com/BrianLeishman/go-imap/message.go:527.75,529.5 1 0
github.com/BrianLeishman/go-imap/message.go:530.4,530.17 1 0
github.com/BrianLeishman/go-imap/message.go:531.17,532.89 1 0
github.com/BrianLeishman/go-imap/message.go:532.89,534.6 1 0
github.com/BrianLeishman/go-imap/message.go:535.5,536.39 2 0
github.com/BrianLeishman/go-imap/message.go:536.39,537.86 1 0
github.com/BrianLeishman/go-imap/message.go:537.86,539.7 1 0
github.com/BrianLeishman/go-imap/message.go:540.6,540.24 1 0
github.com/BrianLeishman/go-imap/message.go:542.5,542.11 1 0
github.com/BrianLeishman/go-imap/message.go:543.24,544.93 1 0
github.com/BrianLeishman/go-imap/message.go:544.93,546.6 1 0
github.com/BrianLeishman/go-imap/message.go:547.5,548.19 2 0
github.com/BrianLeishman/go-imap/message.go:548.19,550.6 1 0
github.com/BrianLeishman/go-imap/message.go:551.5,552.11 2 0
github.com/BrianLeishman/go-imap/message.go:553.23,554.92 1 0
github.com/BrianLeishman/go-imap/message.go:554.92,556.6 1 0
github.com/BrianLeishman/go-imap/message.go:557.5,558.11 2 0
github.com/BrianLeishman/go-imap/message.go:559.20,560.77 1 0
github.com/BrianLeishman/go-imap/message.go:560.77,564.6 3 0
github.com/BrianLeishman/go-imap/message.go:565.5,567.92 2 0
github.com/BrianLeishman/go-imap/message.go:567.92,569.6 1 0
github.com/BrianLeishman/go-imap/message.go:570.5,570.118 1 0
github.com/BrianLeishman/go-imap/message.go:570.118,572.6 1 0
github.com/BrianLeishman/go-imap/message.go:573.5,573.131 1 0
github.com/BrianLeishman/go-imap/message.go:573.131,575.6 1 0
github.com/BrianLeishman/go-imap/message.go:577.5,581.19 4 0
github.com/BrianLeishman/go-imap/message.go:581.19,583.6 1 0
github.com/BrianLeishman/go-imap/message.go:585.5,595.7 1 0
github.com/BrianLeishman/go-imap/message.go:595.7,596.45 1 0
github.com/BrianLeishman/go-imap/message.go:596.45,597.123 1 0
github.com/BrianLeishman/go-imap/message.go:597.123,599.8 1 0
github.com/BrianLeishman/go-imap/message.go:600.7,601.55 2 0
github.com/BrianLeishman/go-imap/message.go:601.55,602.133 1 0
github.com/BrianLeishman/go-imap/message.go:602.133,604.9 1 0
github.com/BrianLeishman/go-imap/message.go:605.8,605.139 1 0
github.com/BrianLeishman/go-imap/message.go:605.139,607.9 1 0
github.com/BrianLeishman/go-imap/message.go:608.8,608.133 1 0
github.com/BrianLeishman/go-imap/message.go:608.133,610.9 1 0
github.com/BrianLeishman/go-imap/message.go:612.8,613.22 2 0
github.com/BrianLeishman/go-imap/message.go:613.22,615.9 1 0
github.com/BrianLeishman/go-imap/message.go:617.8,618.22 2 0
github.com/BrianLeishman/go-imap/message.go:618.22,620.9 1 0
github.com/BrianLeishman/go-imap/message.go:622.8,623.22 2 0
github.com/BrianLeishman/go-imap/message.go:623.22,625.9 1 0
github.com/BrianLeishman/go-imap/message.go:627.8,627.59 1 0
github.com/BrianLeishman/go-imap/message.go:632.5,634.11 2 0
github.com/BrianLeishman/go-imap/message.go:635.15,636.84 1 0
github.com/BrianLeishman/go-imap/message.go:636.84,638.6 1 0
github.com/BrianLeishman/go-imap/message.go:639.5,640.11 2 0
github.com/BrianLeishman/go-imap/message.go:644.3,644.16 1 0
github.com/BrianLeishman/go-imap/message.go:644.16,646.4 1 0
github.com/BrianLeishman/go-imap/message.go:649.2,649.20 1 0
github.com/BrianLeishman/go-imap/parse.go:46.73,47.9 1 23
github.com/BrianLeishman/go-imap/parse.go:48.31,49.19 1 4
github.com/BrianLeishman/go-imap/parse.go:49.19,51.4 1 2
github.com/BrianLeishman/go-imap/parse.go:52.3,52.127 1 2
github.com/BrianLeishman/go-imap/parse.go:53.38,54.28 1 1
github.com/BrianLeishman/go-imap/parse.go:55.10,56.39 1 18
github.com/BrianLeishman/go-imap/parse.go:61.51,71.29 8 37
github.com/BrianLeishman/go-imap/parse.go:71.29,73.23 2 204
github.com/BrianLeishman/go-imap/parse.go:74.16,78.5 1 4
github.com/BrianLeishman/go-imap/parse.go:79.17,82.18 3 89
github.com/BrianLeishman/go-imap/parse.go:82.18,87.5 1 19
github.com/BrianLeishman/go-imap/parse.go:87.10,88.19 1 70
github.com/BrianLeishman/go-imap/parse.go:88.19,92.6 1 1
github.com/BrianLeishman/go-imap/parse.go:92.11,97.6 1 69
github.com/BrianLeishman/go-imap/parse.go:99.14,103.5 1 15
github.com/BrianLeishman/go-imap/parse.go:104.19,108.5 1 50
github.com/BrianLeishman/go-imap/parse.go:111.3,111.15 1 204
github.com/BrianLeishman/go-imap/parse.go:111.15,113.4 1 158
github.com/BrianLeishman/go-imap/parse.go:114.3,116.11 2 204
github.com/BrianLeishman/go-imap/parse.go:119.2,121.12 3 37
github.com/BrianLeishman/go-imap/parse.go:121.12,124.23 2 594
github.com/BrianLeishman/go-imap/parse.go:125.16,126.13 1 34
github.com/BrianLeishman/go-imap/parse.go:127.13,130.14 3 4
github.com/BrianLeishman/go-imap/parse.go:131.14,133.14 2 2
github.com/BrianLeishman/go-imap/parse.go:135.17,136.11 1 320
github.com/BrianLeishman/go-imap/parse.go:137.28,137.28 0 232
github.com/BrianLeishman/go-imap/parse.go:138.12,140.16 2 88
github.com/BrianLeishman/go-imap/parse.go:142.14,143.11 1 45
github.com/BrianLeishman/go-imap/parse.go:144.34,144.34 0 27
github.com/BrianLeishman/go-imap/parse.go:146.12,148.17 2 18
github.com/BrianLeishman/go-imap/parse.go:148.17,150.36 2 8
github.com/BrianLeishman/go-imap/parse.go:150.36,152.7 1 2
github.com/BrianLeishman/go-imap/parse.go:155.5,156.19 2 16
github.com/BrianLeishman/go-imap/parse.go:156.19,158.6 1 0
github.com/BrianLeishman/go-imap/parse.go:160.5,162.35 2 16
github.com/BrianLeishman/go-imap/parse.go:162.35,164.6 1 16
github.com/BrianLeishman/go-imap/parse.go:165.5,165.35 1 16
github.com/BrianLeishman/go-imap/parse.go:165.35,167.6 1 16
github.com/BrianLeishman/go-imap/parse.go:169.5,173.19 3 16
github.com/BrianLeishman/go-imap/parse.go:173.19,175.6 1 1
github.com/BrianLeishman/go-imap/parse.go:177.5,178.16 2 15
github.com/BrianLeishman/go-imap/parse.go:182.3,182.29 1 585
github.com/BrianLeishman/go-imap/parse.go:182.29,183.11 1 298
github.com/BrianLeishman/go-imap/parse.go:184.18,186.23 2 4
github.com/BrianLeishman/go-imap/parse.go:187.28,189.19 2 89
github.com/BrianLeishman/go-imap/parse.go:190.18,192.23 2 18
github.com/BrianLeishman/go-imap/parse.go:193.18,198.32 4 50
github.com/BrianLeishman/go-imap/parse.go:198.32,202.6 3 1
github.com/BrianLeishman/go-imap/parse.go:203.5,203.33 1 50
github.com/BrianLeishman/go-imap/parse.go:204.18,205.19 1 47
github.com/BrianLeishman/go-imap/parse.go:205.19,207.6 1 1
github.com/BrianLeishman/go-imap/parse.go:208.5,209.12 2 46
github.com/BrianLeishman/go-imap/parse.go:214.3,214.16 1 590
github.com/BrianLeishman/go-imap/parse.go:214.16,215.9 1 0
github.com/BrianLeishman/go-imap/parse.go:217.3,218.13 2 590
github.com/BrianLeishman/go-imap/parse.go:218.13,219.30 1 33
github.com/BrianLeishman/go-imap/parse.go:219.30,222.5 2 1
github.com/BrianLeishman/go-imap/parse.go:226.2,226.16 1 33
github.com/BrianLeishman/go-imap/parse.go:226.16,228.3 1 1
github.com/BrianLeishman/go-imap/parse.go:230.2,230.54 1 32
github.com/BrianLeishman/go-imap/parse.go:230.54,232.3 1 31
github.com/BrianLeishman/go-imap/parse.go:234.2,234.20 1 32
github.com/BrianLeishman/go-imap/parse.go:237.43,239.22 2 5
github.com/BrianLeishman/go-imap/parse.go:239.22,241.3 1 2
github.com/BrianLeishman/go-imap/parse.go:242.2,242.27 1 3
github.com/BrianLeishman/go-imap/parse.go:245.72,246.33 1 25
github.com/BrianLeishman/go-imap/parse.go:246.33,248.3 1 2
github.com/BrianLeishman/go-imap/parse.go:250.2,251.50 2 23
github.com/BrianLeishman/go-imap/parse.go:251.50,253.3 1 3
github.com/BrianLeishman/go-imap/parse.go:254.2,254.17 1 23
github.com/BrianLeishman/go-imap/parse.go:254.17,256.3 1 1
github.com/BrianLeishman/go-imap/parse.go:257.2,257.17 1 22
github.com/BrianLeishman/go-imap/parse.go:257.17,259.3 1 2
github.com/BrianLeishman/go-imap/parse.go:261.2,263.17 3 20
github.com/BrianLeishman/go-imap/parse.go:263.17,266.15 2 346
github.com/BrianLeishman/go-imap/parse.go:266.15,267.13 1 21
github.com/BrianLeishman/go-imap/parse.go:268.14,269.21 1 2
github.com/BrianLeishman/go-imap/parse.go:269.21,271.14 2 2
github.com/BrianLeishman/go-imap/parse.go:273.13,274.21 1 2
github.com/BrianLeishman/go-imap/parse.go:276.4,277.12 2 19
github.com/BrianLeishman/go-imap/parse.go:280.3,280.12 1 325
github.com/BrianLeishman/go-imap/parse.go:281.12,284.12 3 2
github.com/BrianLeishman/go-imap/parse.go:285.12,287.50 2 10
github.com/BrianLeishman/go-imap/parse.go:287.50,289.5 1 17
github.com/BrianLeishman/go-imap/parse.go:291.4,291.33 1 10
github.com/BrianLeishman/go-imap/parse.go:291.33,293.5 1 5
github.com/BrianLeishman/go-imap/parse.go:294.4,294.44 1 10
github.com/BrianLeishman/go-imap/parse.go:294.44,296.28 2 9
github.com/BrianLeishman/go-imap/parse.go:296.28,298.6 1 5
github.com/BrianLeishman/go-imap/parse.go:299.5,300.19 2 9
github.com/BrianLeishman/go-imap/parse.go:300.19,302.6 1 0
github.com/BrianLeishman/go-imap/parse.go:304.5,305.35 2 9
github.com/BrianLeishman/go-imap/parse.go:305.35,307.6 1 9
github.com/BrianLeishman/go-imap/parse.go:308.5,308.35 1 9
github.com/BrianLeishman/go-imap/parse.go:308.35,310.6 1 9
github.com/BrianLeishman/go-imap/parse.go:311.5,311.24 1 9
github.com/BrianLeishman/go-imap/parse.go:311.24,313.6 1 1
github.com/BrianLeishman/go-imap/parse.go:314.5,315.13 2 8
github.com/BrianLeishman/go-imap/parse.go:317.12,320.12 3 27
github.com/BrianLeishman/go-imap/parse.go:321.12,322.18 1 25
github.com/BrianLeishman/go-imap/parse.go:322.18,324.5 1 0
github.com/BrianLeishman/go-imap/parse.go:325.4,327.18 3 25
github.com/BrianLeishman/go-imap/parse.go:327.18,329.5 1 18
github.com/BrianLeishman/go-imap/parse.go:330.4,330.12 1 7
github.com/BrianLeishman/go-imap/parse.go:333.3,333.6 1 262
github.com/BrianLeishman/go-imap/parse.go:336.2,336.78 1 1
github.com/BrianLeishman/go-imap/parse.go:340.90,343.31 3 15
github.com/BrianLeishman/go-imap/parse.go:343.31,345.3 1 2
github.com/BrianLeishman/go-imap/parse.go:347.2,349.17 2 13
github.com/BrianLeishman/go-imap/parse.go:349.17,352.51 1 1
github.com/BrianLeishman/go-imap/parse.go:352.51,355.54 2 0
github.com/BrianLeishman/go-imap/parse.go:355.54,357.5 1 0
github.com/BrianLeishman/go-imap/parse.go:358.4,360.17 3 0
github.com/BrianLeishman/go-imap/parse.go:360.17,362.5 1 0
github.com/BrianLeishman/go-imap/parse.go:363.4,364.61 2 0
github.com/BrianLeishman/go-imap/parse.go:364.61,366.5 1 0
github.com/BrianLeishman/go-imap/parse.go:367.4,368.42 2 0
github.com/BrianLeishman/go-imap/parse.go:368.42,370.5 1 0
github.com/BrianLeishman/go-imap/parse.go:371.4,373.23 3 0
github.com/BrianLeishman/go-imap/parse.go:373.23,375.5 1 0
github.com/BrianLeishman/go-imap/parse.go:376.4,377.23 2 0
github.com/BrianLeishman/go-imap/parse.go:380.3,380.22 1 1
github.com/BrianLeishman/go-imap/parse.go:383.2,384.27 2 12
github.com/BrianLeishman/go-imap/parse.go:384.27,386.26 2 16
github.com/BrianLeishman/go-imap/parse.go:386.26,387.12 1 0
github.com/BrianLeishman/go-imap/parse.go:390.3,390.60 1 16
github.com/BrianLeishman/go-imap/parse.go:390.60,392.4 1 0
github.com/BrianLeishman/go-imap/parse.go:394.3,397.16 4 16
github.com/BrianLeishman/go-imap/parse.go:397.16,399.4 1 0
github.com/BrianLeishman/go-imap/parse.go:401.3,402.60 2 16
github.com/BrianLeishman/go-imap/parse.go:402.60,404.4 1 0
github.com/BrianLeishman/go-imap/parse.go:406.3,407.101 2 16
github.com/BrianLeishman/go-imap/parse.go:407.101,409.4 1 0
github.com/BrianLeishman/go-imap/parse.go:410.3,410.76 1 16
github.com/BrianLeishman/go-imap/parse.go:410.76,412.4 1 0
github.com/BrianLeishman/go-imap/parse.go:413.3,415.20 3 16
github.com/BrianLeishman/go-imap/parse.go:415.20,417.4 1 0
github.com/BrianLeishman/go-imap/parse.go:419.3,422.17 4 16
github.com/BrianLeishman/go-imap/parse.go:422.17,424.4 1 0
github.com/BrianLeishman/go-imap/parse.go:425.3,426.32 2 16
github.com/BrianLeishman/go-imap/parse.go:428.2,428.21 1 12
github.com/BrianLeishman/go-imap/parse.go:432.54,434.58 2 3
github.com/BrianLeishman/go-imap/parse.go:434.58,436.17 2 5
github.com/BrianLeishman/go-imap/parse.go:436.17,437.12 1 1
github.com/BrianLeishman/go-imap/parse.go:440.3,441.85 2 4
github.com/BrianLeishman/go-imap/parse.go:441.85,442.12 1 2
github.com/BrianLeishman/go-imap/parse.go:445.3,446.32 2 2
github.com/BrianLeishman/go-imap/parse.go:446.32,448.18 2 8
github.com/BrianLeishman/go-imap/parse.go:448.18,450.5 1 0
github.com/BrianLeishman/go-imap/parse.go:451.4,451.26 1 8
github.com/BrianLeishman/go-imap/parse.go:453.3,453.19 1 2
github.com/BrianLeishman/go-imap/parse.go:456.2,456.70 1 1
github.com/BrianLeishman/go-imap/parse.go:460.29,461.9 1 614
github.com/BrianLeishman/go-imap/parse.go:467.12,468.14 1 321
github.com/BrianLeishman/go-imap/parse.go:470.2,470.14 1 293
github.com/BrianLeishman/go-imap/parse.go:474.43,475.19 1 21
github.com/BrianLeishman/go-imap/parse.go:476.14,477.18 1 2
github.com/BrianLeishman/go-imap/parse.go:478.13,479.17 1 2
github.com/BrianLeishman/go-imap/parse.go:480.15,481.19 1 3
github.com/BrianLeishman/go-imap/parse.go:482.16,483.20 1 4
github.com/BrianLeishman/go-imap/parse.go:484.15,485.19 1 4
github.com/BrianLeishman/go-imap/parse.go:486.12,487.16 1 2
github.com/BrianLeishman/go-imap/parse.go:488.18,489.22 1 2
github.com/BrianLeishman/go-imap/parse.go:491.2,491.11 1 2
github.com/BrianLeishman/go-imap/parse.go:495.32,497.16 2 11
github.com/BrianLeishman/go-imap/parse.go:498.20,499.19 1 2
github.com/BrianLeishman/go-imap/parse.go:500.22,501.101 1 4
github.com/BrianLeishman/go-imap/parse.go:502.15,503.50 1 1
github.com/BrianLeishman/go-imap/parse.go:504.16,505.50 1 2
github.com/BrianLeishman/go-imap/parse.go:506.18,507.63 1 1
github.com/BrianLeishman/go-imap/parse.go:509.2,509.11 1 1
github.com/BrianLeishman/go-imap/parse.go:513.115,514.50 1 12
github.com/BrianLeishman/go-imap/parse.go:514.50,516.3 1 11
github.com/BrianLeishman/go-imap/parse.go:518.2,519.36 2 1
github.com/BrianLeishman/go-imap/parse.go:519.36,520.13 1 2
github.com/BrianLeishman/go-imap/parse.go:520.13,522.4 1 1
github.com/BrianLeishman/go-imap/parse.go:523.3,523.33 1 2
github.com/BrianLeishman/go-imap/parse.go:525.2,525.138 1 1
github.com/BrianLeishman/go-imap/util.go:6.30,7.40 1 13
github.com/BrianLeishman/go-imap/util.go:7.40,8.41 1 13
github.com/BrianLeishman/go-imap/util.go:8.41,10.4 1 13
github.com/BrianLeishman/go-imap/util.go:10.9,12.4 1 0
github.com/BrianLeishman/go-imap/util.go:14.2,14.10 1 0
github.com/BrianLeishman/go-imap/util.go:22.39,24.2 1 6
